Traceback (most recent call last):
  File "train_svhn.py", line 168, in <module>
    main()
  File "train_svhn.py", line 119, in main
    for x in trainloader:
  File "/zhome/77/8/118225/.local/lib/python3.8/site-packages/torch/utils/data/dataloader.py", line 435, in __next__
    data = self._next_data()
  File "/zhome/77/8/118225/.local/lib/python3.8/site-packages/torch/utils/data/dataloader.py", line 475, in _next_data
    data = self._dataset_fetcher.fetch(index)  # may raise StopIteration
  File "/zhome/77/8/118225/.local/lib/python3.8/site-packages/torch/utils/data/_utils/fetch.py", line 44, in fetch
    data = [self.dataset[idx] for idx in possibly_batched_index]
  File "/zhome/77/8/118225/.local/lib/python3.8/site-packages/torch/utils/data/_utils/fetch.py", line 44, in <listcomp>
    data = [self.dataset[idx] for idx in possibly_batched_index]
  File "/zhome/77/8/118225/.local/lib/python3.8/site-packages/torch/utils/data/dataset.py", line 272, in __getitem__
    return self.dataset[self.indices[idx]]
  File "/zhome/77/8/118225/.local/lib/python3.8/site-packages/torchvision/datasets/svhn.py", line 97, in __getitem__
    img = Image.fromarray(np.transpose(img, (1, 2, 0)))
  File "/zhome/77/8/118225/.local/lib/python3.8/site-packages/PIL/Image.py", line 2781, in fromarray
    obj = obj.tobytes()
KeyboardInterrupt
